# JRE version: OpenJDK Runtime Environment Temurin-17.0.7+7 (17.0.7+7) (build 17.0.7+7)
# Java VM: OpenJDK 64-Bit Server VM Temurin-17.0.7+7 (17.0.7+7, mixed mode, tiered, compressed oops, compressed class ptrs, parallel gc, windows-amd64)
GC Precious Log:
 CPUs: 12 total, 12 available
 Memory: 7955M
 Large Page Support: Disabled
 NUMA Support: Disabled
 Compressed Oops: Enabled (32-bit)
 Alignments: Space 512K, Generation 512K, Heap 2M
 Heap Min Capacity: 100M
 Heap Initial Capacity: 100M
 Heap Max Capacity: 1G
 Pre-touch: Disabled
 Parallel Workers: 10
Heap:
 PSYoungGen      total 22528K, used 9764K [0x00000000eab00000, 0x00000000ec280000, 0x0000000100000000)
  eden space 20992K, 40% used [0x00000000eab00000,0x00000000eb357d78,0x00000000ebf80000)
  from space 1536K, 79% used [0x00000000ebf80000,0x00000000ec0b14e0,0x00000000ec100000)
  to   space 1536K, 0% used [0x00000000ec100000,0x00000000ec100000,0x00000000ec280000)
 ParOldGen       total 68608K, used 29208K [0x00000000c0000000, 0x00000000c4300000, 0x00000000eab00000)
  object space 68608K, 42% used [0x00000000c0000000,0x00000000c1c86368,0x00000000c4300000)
 Metaspace       used 46114K, committed 46912K, reserved 1114112K
  class space    used 4650K, committed 4992K, reserved 1048576K
GC Heap History (20 events):
Event: 11.912 GC heap before
{Heap before GC invocations=14 (full 2):
 PSYoungGen      total 24064K, used 23904K [0x00000000eab00000, 0x00000000ec600000, 0x0000000100000000)
  eden space 21504K, 100% used [0x00000000eab00000,0x00000000ec000000,0x00000000ec000000)
  from space 2560K, 93% used [0x00000000ec000000,0x00000000ec258020,0x00000000ec280000)
  to   space 3072K, 0% used [0x00000000ec300000,0x00000000ec300000,0x00000000ec600000)
 ParOldGen       total 68608K, used 14771K [0x00000000c0000000, 0x00000000c4300000, 0x00000000eab00000)
  object space 68608K, 21% used [0x00000000c0000000,0x00000000c0e6cec0,0x00000000c4300000)
 Metaspace       used 36519K, committed 37312K, reserved 1114112K
  class space    used 3737K, committed 4096K, reserved 1048576K
}
Event: 11.915 GC heap after
{Heap after GC invocations=14 (full 2):
 PSYoungGen      total 23552K, used 2048K [0x00000000eab00000, 0x00000000ec500000, 0x0000000100000000)
  eden space 21504K, 0% used [0x00000000eab00000,0x00000000eab00000,0x00000000ec000000)
  from space 2048K, 100% used [0x00000000ec300000,0x00000000ec500000,0x00000000ec500000)
  to   space 2560K, 0% used [0x00000000ec000000,0x00000000ec000000,0x00000000ec280000)
 ParOldGen       total 68608K, used 17038K [0x00000000c0000000, 0x00000000c4300000, 0x00000000eab00000)
  object space 68608K, 24% used [0x00000000c0000000,0x00000000c10a3998,0x00000000c4300000)
 Metaspace       used 36519K, committed 37312K, reserved 1114112K
  class space    used 3737K, committed 4096K, reserved 1048576K
}
Event: 11.942 GC heap before
{Heap before GC invocations=15 (full 2):
 PSYoungGen      total 23552K, used 23552K [0x00000000eab00000, 0x00000000ec500000, 0x0000000100000000)
  eden space 21504K, 100% used [0x00000000eab00000,0x00000000ec000000,0x00000000ec000000)
  from space 2048K, 100% used [0x00000000ec300000,0x00000000ec500000,0x00000000ec500000)
  to   space 2560K, 0% used [0x00000000ec000000,0x00000000ec000000,0x00000000ec280000)
 ParOldGen       total 68608K, used 17038K [0x00000000c0000000, 0x00000000c4300000, 0x00000000eab00000)
  object space 68608K, 24% used [0x00000000c0000000,0x00000000c10a3998,0x00000000c4300000)
 Metaspace       used 36523K, committed 37312K, reserved 1114112K
  class space    used 3737K, committed 4096K, reserved 1048576K
}
Event: 11.945 GC heap after
{Heap after GC invocations=15 (full 2):
 PSYoungGen      total 24064K, used 2272K [0x00000000eab00000, 0x00000000ec500000, 0x0000000100000000)
  eden space 21504K, 0% used [0x00000000eab00000,0x00000000eab00000,0x00000000ec000000)
  from space 2560K, 88% used [0x00000000ec000000,0x00000000ec238010,0x00000000ec280000)
  to   space 2560K, 0% used [0x00000000ec280000,0x00000000ec280000,0x00000000ec500000)
 ParOldGen       total 68608K, used 18942K [0x00000000c0000000, 0x00000000c4300000, 0x00000000eab00000)
  object space 68608K, 27% used [0x00000000c0000000,0x00000000c127f998,0x00000000c4300000)
 Metaspace       used 36523K, committed 37312K, reserved 1114112K
  class space    used 3737K, committed 4096K, reserved 1048576K
}
Event: 11.970 GC heap before
{Heap before GC invocations=16 (full 2):
 PSYoungGen      total 24064K, used 23776K [0x00000000eab00000, 0x00000000ec500000, 0x0000000100000000)
  eden space 21504K, 100% used [0x00000000eab00000,0x00000000ec000000,0x00000000ec000000)
  from space 2560K, 88% used [0x00000000ec000000,0x00000000ec238010,0x00000000ec280000)
  to   space 2560K, 0% used [0x00000000ec280000,0x00000000ec280000,0x00000000ec500000)
 ParOldGen       total 68608K, used 18942K [0x00000000c0000000, 0x00000000c4300000, 0x00000000eab00000)
  object space 68608K, 27% used [0x00000000c0000000,0x00000000c127f998,0x00000000c4300000)
 Metaspace       used 36523K, committed 37312K, reserved 1114112K
  class space    used 3737K, committed 4096K, reserved 1048576K
}
Event: 11.973 GC heap after
{Heap after GC invocations=16 (full 2):
 PSYoungGen      total 23552K, used 1888K [0x00000000eab00000, 0x00000000ec480000, 0x0000000100000000)
  eden space 21504K, 0% used [0x00000000eab00000,0x00000000eab00000,0x00000000ec000000)
  from space 2048K, 92% used [0x00000000ec280000,0x00000000ec458000,0x00000000ec480000)
  to   space 2048K, 0% used [0x00000000ec080000,0x00000000ec080000,0x00000000ec280000)
 ParOldGen       total 68608K, used 21126K [0x00000000c0000000, 0x00000000c4300000, 0x00000000eab00000)
  object space 68608K, 30% used [0x00000000c0000000,0x00000000c14a19a8,0x00000000c4300000)
 Metaspace       used 36523K, committed 37312K, reserved 1114112K
  class space    used 3737K, committed 4096K, reserved 1048576K
}
Event: 12.188 GC heap before
{Heap before GC invocations=17 (full 2):
 PSYoungGen      total 23552K, used 23378K [0x00000000eab00000, 0x00000000ec480000, 0x0000000100000000)
  eden space 21504K, 99% used [0x00000000eab00000,0x00000000ebffca70,0x00000000ec000000)
  from space 2048K, 92% used [0x00000000ec280000,0x00000000ec458000,0x00000000ec480000)
  to   space 2048K, 0% used [0x00000000ec080000,0x00000000ec080000,0x00000000ec280000)
 ParOldGen       total 68608K, used 21126K [0x00000000c0000000, 0x00000000c4300000, 0x00000000eab00000)
  object space 68608K, 30% used [0x00000000c0000000,0x00000000c14a19a8,0x00000000c4300000)
 Metaspace       used 38310K, committed 39040K, reserved 1114112K
  class space    used 3952K, committed 4288K, reserved 1048576K
}
Event: 12.190 GC heap after
{Heap after GC invocations=17 (full 2):
 PSYoungGen      total 23552K, used 2023K [0x00000000eab00000, 0x00000000ec500000, 0x0000000100000000)
  eden space 21504K, 0% used [0x00000000eab00000,0x00000000eab00000,0x00000000ec000000)
  from space 2048K, 98% used [0x00000000ec080000,0x00000000ec279d38,0x00000000ec280000)
  to   space 2560K, 0% used [0x00000000ec280000,0x00000000ec280000,0x00000000ec500000)
 ParOldGen       total 68608K, used 22897K [0x00000000c0000000, 0x00000000c4300000, 0x00000000eab00000)
  object space 68608K, 33% used [0x00000000c0000000,0x00000000c165c580,0x00000000c4300000)
 Metaspace       used 38310K, committed 39040K, reserved 1114112K
  class space    used 3952K, committed 4288K, reserved 1048576K
}
Event: 12.527 GC heap before
{Heap before GC invocations=18 (full 2):
 PSYoungGen      total 23552K, used 23493K [0x00000000eab00000, 0x00000000ec500000, 0x0000000100000000)
  eden space 21504K, 99% used [0x00000000eab00000,0x00000000ebff7860,0x00000000ec000000)
  from space 2048K, 98% used [0x00000000ec080000,0x00000000ec279d38,0x00000000ec280000)
  to   space 2560K, 0% used [0x00000000ec280000,0x00000000ec280000,0x00000000ec500000)
 ParOldGen       total 68608K, used 22897K [0x00000000c0000000, 0x00000000c4300000, 0x00000000eab00000)
  object space 68608K, 33% used [0x00000000c0000000,0x00000000c165c580,0x00000000c4300000)
 Metaspace       used 40088K, committed 40896K, reserved 1114112K
  class space    used 4125K, committed 4480K, reserved 1048576K
}
Event: 12.530 GC heap after
{Heap after GC invocations=18 (full 2):
 PSYoungGen      total 22528K, used 824K [0x00000000eab00000, 0x00000000ec380000, 0x0000000100000000)
  eden space 21504K, 0% used [0x00000000eab00000,0x00000000eab00000,0x00000000ec000000)
  from space 1024K, 80% used [0x00000000ec280000,0x00000000ec34e098,0x00000000ec380000)
  to   space 1536K, 0% used [0x00000000ec080000,0x00000000ec080000,0x00000000ec200000)
 ParOldGen       total 68608K, used 24769K [0x00000000c0000000, 0x00000000c4300000, 0x00000000eab00000)
  object space 68608K, 36% used [0x00000000c0000000,0x00000000c18307c0,0x00000000c4300000)
 Metaspace       used 40088K, committed 40896K, reserved 1114112K
  class space    used 4125K, committed 4480K, reserved 1048576K
}
Event: 12.697 GC heap before
{Heap before GC invocations=19 (full 2):
 PSYoungGen      total 22528K, used 22196K [0x00000000eab00000, 0x00000000ec380000, 0x0000000100000000)
  eden space 21504K, 99% used [0x00000000eab00000,0x00000000ebfdf1f8,0x00000000ec000000)
  from space 1024K, 80% used [0x00000000ec280000,0x00000000ec34e098,0x00000000ec380000)
  to   space 1536K, 0% used [0x00000000ec080000,0x00000000ec080000,0x00000000ec200000)
 ParOldGen       total 68608K, used 24769K [0x00000000c0000000, 0x00000000c4300000, 0x00000000eab00000)
  object space 68608K, 36% used [0x00000000c0000000,0x00000000c18307c0,0x00000000c4300000)
 Metaspace       used 41220K, committed 41984K, reserved 1114112K
  class space    used 4217K, committed 4544K, reserved 1048576K
}
Event: 12.699 GC heap after
{Heap after GC invocations=19 (full 2):
 PSYoungGen      total 23040K, used 1380K [0x00000000eab00000, 0x00000000ec300000, 0x0000000100000000)
  eden space 21504K, 0% used [0x00000000eab00000,0x00000000eab00000,0x00000000ec000000)
  from space 1536K, 89% used [0x00000000ec080000,0x00000000ec1d9108,0x00000000ec200000)
  to   space 1024K, 0% used [0x00000000ec200000,0x00000000ec200000,0x00000000ec300000)
 ParOldGen       total 68608K, used 25586K [0x00000000c0000000, 0x00000000c4300000, 0x00000000eab00000)
  object space 68608K, 37% used [0x00000000c0000000,0x00000000c18fcaf0,0x00000000c4300000)
 Metaspace       used 41220K, committed 41984K, reserved 1114112K
  class space    used 4217K, committed 4544K, reserved 1048576K
}
Event: 12.740 GC heap before
{Heap before GC invocations=20 (full 2):
 PSYoungGen      total 23040K, used 22884K [0x00000000eab00000, 0x00000000ec300000, 0x0000000100000000)
  eden space 21504K, 100% used [0x00000000eab00000,0x00000000ec000000,0x00000000ec000000)
  from space 1536K, 89% used [0x00000000ec080000,0x00000000ec1d9108,0x00000000ec200000)
  to   space 1024K, 0% used [0x00000000ec200000,0x00000000ec200000,0x00000000ec300000)
 ParOldGen       total 68608K, used 25586K [0x00000000c0000000, 0x00000000c4300000, 0x00000000eab00000)
  object space 68608K, 37% used [0x00000000c0000000,0x00000000c18fcaf0,0x00000000c4300000)
 Metaspace       used 41245K, committed 41984K, reserved 1114112K
  class space    used 4217K, committed 4544K, reserved 1048576K
}
Event: 12.741 GC heap after
{Heap after GC invocations=20 (full 2):
 PSYoungGen      total 22016K, used 998K [0x00000000eab00000, 0x00000000ec500000, 0x0000000100000000)
  eden space 20992K, 0% used [0x00000000eab00000,0x00000000eab00000,0x00000000ebf80000)
  from space 1024K, 97% used [0x00000000ec200000,0x00000000ec2f9b20,0x00000000ec300000)
  to   space 2560K, 0% used [0x00000000ebf80000,0x00000000ebf80000,0x00000000ec200000)
 ParOldGen       total 68608K, used 26638K [0x00000000c0000000, 0x00000000c4300000, 0x00000000eab00000)
  object space 68608K, 38% used [0x00000000c0000000,0x00000000c1a03870,0x00000000c4300000)
 Metaspace       used 41245K, committed 41984K, reserved 1114112K
  class space    used 4217K, committed 4544K, reserved 1048576K
}
Event: 12.943 GC heap before
{Heap before GC invocations=21 (full 2):
 PSYoungGen      total 22016K, used 21990K [0x00000000eab00000, 0x00000000ec500000, 0x0000000100000000)
  eden space 20992K, 100% used [0x00000000eab00000,0x00000000ebf80000,0x00000000ebf80000)
  from space 1024K, 97% used [0x00000000ec200000,0x00000000ec2f9b20,0x00000000ec300000)
  to   space 2560K, 0% used [0x00000000ebf80000,0x00000000ebf80000,0x00000000ec200000)
 ParOldGen       total 68608K, used 26638K [0x00000000c0000000, 0x00000000c4300000, 0x00000000eab00000)
  object space 68608K, 38% used [0x00000000c0000000,0x00000000c1a03870,0x00000000c4300000)
 Metaspace       used 43652K, committed 44480K, reserved 1114112K
  class space    used 4454K, committed 4800K, reserved 1048576K
}
Event: 12.945 GC heap after
{Heap after GC invocations=21 (full 2):
 PSYoungGen      total 23040K, used 1826K [0x00000000eab00000, 0x00000000ec380000, 0x0000000100000000)
  eden space 20992K, 0% used [0x00000000eab00000,0x00000000eab00000,0x00000000ebf80000)
  from space 2048K, 89% used [0x00000000ebf80000,0x00000000ec148848,0x00000000ec180000)
  to   space 2048K, 0% used [0x00000000ec180000,0x00000000ec180000,0x00000000ec380000)
 ParOldGen       total 68608K, used 27301K [0x00000000c0000000, 0x00000000c4300000, 0x00000000eab00000)
  object space 68608K, 39% used [0x00000000c0000000,0x00000000c1aa9740,0x00000000c4300000)
 Metaspace       used 43652K, committed 44480K, reserved 1114112K
  class space    used 4454K, committed 4800K, reserved 1048576K
}
Event: 13.060 GC heap before
{Heap before GC invocations=22 (full 2):
 PSYoungGen      total 23040K, used 22818K [0x00000000eab00000, 0x00000000ec380000, 0x0000000100000000)
  eden space 20992K, 100% used [0x00000000eab00000,0x00000000ebf80000,0x00000000ebf80000)
  from space 2048K, 89% used [0x00000000ebf80000,0x00000000ec148848,0x00000000ec180000)
  to   space 2048K, 0% used [0x00000000ec180000,0x00000000ec180000,0x00000000ec380000)
 ParOldGen       total 68608K, used 27301K [0x00000000c0000000, 0x00000000c4300000, 0x00000000eab00000)
  object space 68608K, 39% used [0x00000000c0000000,0x00000000c1aa9740,0x00000000c4300000)
 Metaspace       used 43920K, committed 44672K, reserved 1114112K
  class space    used 4478K, committed 4800K, reserved 1048576K
}
Event: 13.062 GC heap after
{Heap after GC invocations=22 (full 2):
 PSYoungGen      total 22016K, used 581K [0x00000000eab00000, 0x00000000ec280000, 0x0000000100000000)
  eden space 20992K, 0% used [0x00000000eab00000,0x00000000eab00000,0x00000000ebf80000)
  from space 1024K, 56% used [0x00000000ec180000,0x00000000ec2114e0,0x00000000ec280000)
  to   space 1536K, 0% used [0x00000000ebf80000,0x00000000ebf80000,0x00000000ec100000)
 ParOldGen       total 68608K, used 28755K [0x00000000c0000000, 0x00000000c4300000, 0x00000000eab00000)
  object space 68608K, 41% used [0x00000000c0000000,0x00000000c1c14e58,0x00000000c4300000)
 Metaspace       used 43920K, committed 44672K, reserved 1114112K
  class space    used 4478K, committed 4800K, reserved 1048576K
}
Event: 13.568 GC heap before
{Heap before GC invocations=23 (full 2):
 PSYoungGen      total 22016K, used 21573K [0x00000000eab00000, 0x00000000ec280000, 0x0000000100000000)
  eden space 20992K, 100% used [0x00000000eab00000,0x00000000ebf80000,0x00000000ebf80000)
  from space 1024K, 56% used [0x00000000ec180000,0x00000000ec2114e0,0x00000000ec280000)
  to   space 1536K, 0% used [0x00000000ebf80000,0x00000000ebf80000,0x00000000ec100000)
 ParOldGen       total 68608K, used 28755K [0x00000000c0000000, 0x00000000c4300000, 0x00000000eab00000)
  object space 68608K, 41% used [0x00000000c0000000,0x00000000c1c14e58,0x00000000c4300000)
 Metaspace       used 45493K, committed 46144K, reserved 1114112K
  class space    used 4587K, committed 4864K, reserved 1048576K
}
Event: 13.569 GC heap after
{Heap after GC invocations=23 (full 2):
 PSYoungGen      total 22528K, used 1221K [0x00000000eab00000, 0x00000000ec280000, 0x0000000100000000)
  eden space 20992K, 0% used [0x00000000eab00000,0x00000000eab00000,0x00000000ebf80000)
  from space 1536K, 79% used [0x00000000ebf80000,0x00000000ec0b14e0,0x00000000ec100000)
  to   space 1536K, 0% used [0x00000000ec100000,0x00000000ec100000,0x00000000ec280000)
 ParOldGen       total 68608K, used 29208K [0x00000000c0000000, 0x00000000c4300000, 0x00000000eab00000)
  object space 68608K, 42% used [0x00000000c0000000,0x00000000c1c86368,0x00000000c4300000)
 Metaspace       used 45493K, committed 46144K, reserved 1114112K
  class space    used 4587K, committed 4864K, reserved 1048576K
}

